c:\users\administrator\desktop\fac22-23\gp\project\project\x64\debug\vc142.pdb
c:\users\administrator\desktop\fac22-23\gp\project\project\x64\debug\vc142.idb
c:\users\administrator\desktop\fac22-23\gp\project\project\x64\debug\window.obj
c:\users\administrator\desktop\fac22-23\gp\project\project\x64\debug\tiny_obj_loader.obj
c:\users\administrator\desktop\fac22-23\gp\project\project\x64\debug\stb_image.obj
c:\users\administrator\desktop\fac22-23\gp\project\project\x64\debug\skybox.obj
c:\users\administrator\desktop\fac22-23\gp\project\project\x64\debug\shader.obj
c:\users\administrator\desktop\fac22-23\gp\project\project\x64\debug\model3d.obj
c:\users\administrator\desktop\fac22-23\gp\project\project\x64\debug\mesh.obj
c:\users\administrator\desktop\fac22-23\gp\project\project\x64\debug\main.obj
c:\users\administrator\desktop\fac22-23\gp\project\project\x64\debug\camera.obj
c:\users\administrator\desktop\fac22-23\gp\project\x64\debug\project.ilk
c:\users\administrator\desktop\fac22-23\gp\project\x64\debug\project.exe
c:\users\administrator\desktop\fac22-23\gp\project\x64\debug\project.pdb
c:\users\administrator\desktop\fac22-23\gp\project\project\x64\debug\project.tlog\cl.command.1.tlog
c:\users\administrator\desktop\fac22-23\gp\project\project\x64\debug\project.tlog\cl.read.1.tlog
c:\users\administrator\desktop\fac22-23\gp\project\project\x64\debug\project.tlog\cl.write.1.tlog
c:\users\administrator\desktop\fac22-23\gp\project\project\x64\debug\project.tlog\link.command.1.tlog
c:\users\administrator\desktop\fac22-23\gp\project\project\x64\debug\project.tlog\link.read.1.tlog
c:\users\administrator\desktop\fac22-23\gp\project\project\x64\debug\project.tlog\link.write.1.tlog
