c:\users\administrator\desktop\fac22-23\gp\project\project\x64\release\vc142.pdb
c:\users\administrator\desktop\fac22-23\gp\project\project\x64\release\window.obj
c:\users\administrator\desktop\fac22-23\gp\project\project\x64\release\tiny_obj_loader.obj
c:\users\administrator\desktop\fac22-23\gp\project\project\x64\release\stb_image.obj
c:\users\administrator\desktop\fac22-23\gp\project\project\x64\release\skybox.obj
c:\users\administrator\desktop\fac22-23\gp\project\project\x64\release\shader.obj
c:\users\administrator\desktop\fac22-23\gp\project\project\x64\release\model3d.obj
c:\users\administrator\desktop\fac22-23\gp\project\project\x64\release\mesh.obj
c:\users\administrator\desktop\fac22-23\gp\project\project\x64\release\main.obj
c:\users\administrator\desktop\fac22-23\gp\project\project\x64\release\camera.obj
c:\users\administrator\desktop\fac22-23\gp\project\x64\release\project.exe
c:\users\administrator\desktop\fac22-23\gp\project\x64\release\project.pdb
c:\users\administrator\desktop\fac22-23\gp\project\x64\release\project.ipdb
c:\users\administrator\desktop\fac22-23\gp\project\x64\release\project.iobj
c:\users\administrator\desktop\fac22-23\gp\project\project\x64\release\project.tlog\cl.command.1.tlog
c:\users\administrator\desktop\fac22-23\gp\project\project\x64\release\project.tlog\cl.read.1.tlog
c:\users\administrator\desktop\fac22-23\gp\project\project\x64\release\project.tlog\cl.write.1.tlog
c:\users\administrator\desktop\fac22-23\gp\project\project\x64\release\project.tlog\link.command.1.tlog
c:\users\administrator\desktop\fac22-23\gp\project\project\x64\release\project.tlog\link.read.1.tlog
c:\users\administrator\desktop\fac22-23\gp\project\project\x64\release\project.tlog\link.write.1.tlog
c:\users\administrator\desktop\fac22-23\gp\project\project\x64\release\project.tlog\project.write.1u.tlog
